

Microchip MPLAB XC8 Assembler V2.45 build 20230818022343 
                                                                                               Sat Feb 17 15:59:10 2024

Microchip MPLAB XC8 C Compiler v2.45 (Free license) build 20230818022343 Og1 
     1                           	processor	18F4620
     2                           	fnconf	rparam,??,?,0
     3                           	pagewidth 120
     4                           	opt	flic
     5                           	psect	idataCOMRAM,global,class=CODE,delta=1,noexec
     6                           	psect	smallconst,global,reloc=2,class=SMALLCONST,delta=1,noexec
     7                           	psect	cinit,global,reloc=2,class=CODE,delta=1
     8                           	psect	bssCOMRAM,global,class=COMRAM,space=1,delta=1,lowdata,noexec
     9                           	psect	dataCOMRAM,global,class=COMRAM,space=1,delta=1,lowdata,noexec
    10                           	psect	cstackCOMRAM,global,class=COMRAM,space=1,delta=1,lowdata,noexec
    11                           	psect	text0,global,reloc=2,class=CODE,delta=1
    12                           	psect	text1,global,reloc=2,class=CODE,delta=1
    13                           	psect	text2,global,reloc=2,class=CODE,delta=1
    14                           	psect	intcode,global,reloc=2,class=CODE,delta=1
    15                           	psect	intcode_body,global,reloc=2,class=CODE,delta=1
    16                           	psect	text4,global,reloc=2,class=CODE,delta=1
    17                           	psect	text5,global,reloc=2,class=CODE,delta=1
    18                           	psect	text6,global,reloc=2,class=CODE,delta=1
    19                           	psect	text7,global,reloc=2,class=CODE,delta=1
    20                           	psect	text8,global,reloc=2,class=CODE,delta=1
    21                           	psect	text9,global,reloc=2,class=CODE,delta=1
    22                           	psect	text10,global,reloc=2,class=CODE,delta=1
    23                           	psect	intsave_regs,global,class=BIGRAM,space=1,delta=1,noexec
    24                           	psect	rparam,global,class=COMRAM,space=1,delta=1,noexec
    25                           	psect	temp,global,ovrld,common,class=COMRAM,space=1,delta=1
    26                           	psect	config,global,abs,ovrld,class=CONFIG,space=4,delta=1,noexec
    27   000000                     
    28                           ; Generated 23/03/2023 GMT
    29                           ; 
    30                           ; Copyright © 2023, Microchip Technology Inc. and its subsidiaries ("Microchip")
    31                           ; All rights reserved.
    32                           ; 
    33                           ; This software is developed by Microchip Technology Inc. and its subsidiaries ("Microch
      +                          ip").
    34                           ; 
    35                           ; Redistribution and use in source and binary forms, with or without modification, are
    36                           ; permitted provided that the following conditions are met:
    37                           ; 
    38                           ;     1. Redistributions of source code must retain the above copyright notice, this lis
      +                          t of
    39                           ;        conditions and the following disclaimer.
    40                           ; 
    41                           ;     2. Redistributions in binary form must reproduce the above copyright notice, this 
      +                          list
    42                           ;        of conditions and the following disclaimer in the documentation and/or other
    43                           ;        materials provided with the distribution. Publication is not required when
    44                           ;        this file is used in an embedded application.
    45                           ; 
    46                           ;     3. Microchip's name may not be used to endorse or promote products derived from th
      +                          is
    47                           ;        software without specific prior written permission.
    48                           ; 
    49                           ; THIS SOFTWARE IS PROVIDED BY MICROCHIP "AS IS" AND ANY EXPRESS OR IMPLIED WARRANTIES,
    50                           ; INCLUDING, BUT NOT LIMITED TO, THE IMPLIED WARRANTIES OF MERCHANTABILITY AND FITNESS F
      +                          OR
    51                           ; PURPOSE ARE DISCLAIMED.  IN NO EVENT SHALL MICROCHIP BE LIABLE FOR ANY DIRECT, INDIREC
      +                          T,
    52                           ; INCIDENTAL, SPECIAL, EXEMPLARY, OR CONSEQUENTIAL DAMAGES (INCLUDING BUT NOT LIMITED TO
    53                           ; PROCUREMENT OF SUBSTITUTE GOODS OR SERVICES; LOSS OF USE, DATA OR PROFITS; OR BUSINESS
    54                           ; INTERRUPTION) HOWSOEVER CAUSED AND ON ANY THEORY OF LIABILITY, WHETHER IN CONTRACT, ST
      +                          RICT
    55                           ; LIABILITY, OR TORT (INCLUDING NEGLIGENCE OR OTHERWISE) ARISING IN ANY WAY OUT OF THE U
      +                          SE OF
    56                           ; THIS SOFTWARE, EVEN IF ADVISED OF THE POSSIBILITY OF SUCH DAMAGE.
    57                           ; 
    58                           ; 
    59                           ; Code-generator required, PIC18F4620 Definitions
    60                           ; 
    61                           ; SFR Addresses
    62   000000                     
    63                           	psect	idataCOMRAM
    64   00120E                     __pidataCOMRAM:
    65                           	callstack 0
    66                           
    67                           ;initializer for _port_registers
    68   00120E  80                 	db	128
    69   00120F  0F                 	db	15
    70   001210  81                 	db	129
    71   001211  0F                 	db	15
    72   001212  82                 	db	130
    73   001213  0F                 	db	15
    74   001214  83                 	db	131
    75   001215  0F                 	db	15
    76   001216  84                 	db	132
    77   001217  0F                 	db	15
    78                           
    79                           ;initializer for _lat_registers
    80   001218  89                 	db	137
    81   001219  0F                 	db	15
    82   00121A  8A                 	db	138
    83   00121B  0F                 	db	15
    84   00121C  8B                 	db	139
    85   00121D  0F                 	db	15
    86   00121E  8C                 	db	140
    87   00121F  0F                 	db	15
    88   001220  8D                 	db	141
    89   001221  0F                 	db	15
    90                           
    91                           ;initializer for _tris_registers
    92   001222  92                 	db	146
    93   001223  0F                 	db	15
    94   001224  93                 	db	147
    95   001225  0F                 	db	15
    96   001226  94                 	db	148
    97   001227  0F                 	db	15
    98   001228  95                 	db	149
    99   001229  0F                 	db	15
   100   00122A  96                 	db	150
   101   00122B  0F                 	db	15
   102                           
   103                           ;initializer for _ret
   104   00122C  01                 	db	1
   105                           
   106                           ;initializer for _RB7_f
   107   00122D  01                 	db	1
   108                           
   109                           ;initializer for _RB6_f
   110   00122E  01                 	db	1
   111                           
   112                           ;initializer for _RB5_f
   113   00122F  01                 	db	1
   114                           
   115                           ;initializer for _RB4_f
   116   001230  01                 	db	1
   117                           
   118                           	psect	smallconst
   119   001000                     __psmallconst:
   120                           	callstack 0
   121   001000  00                 	db	0
   122   001001                     _btn_values:
   123                           	callstack 0
   124   001001  37                 	db	55
   125   001002  38                 	db	56
   126   001003  39                 	db	57
   127   001004  2F                 	db	47
   128   001005  34                 	db	52
   129   001006  35                 	db	53
   130   001007  36                 	db	54
   131   001008  2A                 	db	42
   132   001009  31                 	db	49
   133   00100A  32                 	db	50
   134   00100B  33                 	db	51
   135   00100C  2D                 	db	45
   136   00100D  23                 	db	35
   137   00100E  30                 	db	48
   138   00100F  3D                 	db	61
   139   001010  2B                 	db	43
   140   001011                     __end_of_btn_values:
   141                           	callstack 0
   142   000000                     _ADCON1bits	set	4033
   143   000000                     _ADRESL	set	4035
   144   000000                     _ADRESH	set	4036
   145   000000                     _INTCON2bits	set	4081
   146   000000                     _EECON2	set	4007
   147   000000                     _PORTBbits	set	3969
   148   000000                     _EECON1bits	set	4006
   149   000000                     _EEDATA	set	4008
   150   000000                     _EEADR	set	4009
   151   000000                     _EEADRH	set	4010
   152   000000                     _INTCONbits	set	4082
   153   000000                     _PORTE	set	3972
   154   000000                     _PORTD	set	3971
   155   000000                     _PORTC	set	3970
   156   000000                     _PORTB	set	3969
   157   000000                     _PORTA	set	3968
   158   000000                     _LATA	set	3977
   159   000000                     _TRISA	set	3986
   160   000000                     _ADCON2bits	set	4032
   161   000000                     _ADCON0bits	set	4034
   162   000000                     _INTCON3bits	set	4080
   163   000000                     _TRISE	set	3990
   164   000000                     _TRISD	set	3989
   165   000000                     _TRISC	set	3988
   166   000000                     _TRISB	set	3987
   167   000000                     _LATE	set	3981
   168   000000                     _LATD	set	3980
   169   000000                     _LATC	set	3979
   170   000000                     _LATB	set	3978
   171   001011                     STR_1:
   172   001011  25                 	db	37
   173   001012  69                 	db	105	;'i'
   174   001013  00                 	db	0
   175   001014  00                 	db	0	; dummy byte at the end
   176   000000                     
   177                           ; #config settings
   178                           
   179                           	psect	cinit
   180   0011D8                     __pcinit:
   181                           	callstack 0
   182   0011D8                     start_initialization:
   183                           	callstack 0
   184   0011D8                     __initialization:
   185                           	callstack 0
   186                           
   187                           ; Initialize objects allocated to COMRAM (35 bytes)
   188                           ; load TBLPTR registers with __pidataCOMRAM
   189   0011D8  0E0E               	movlw	low __pidataCOMRAM
   190   0011DA  6EF6               	movwf	tblptrl,c
   191   0011DC  0E12               	movlw	high __pidataCOMRAM
   192   0011DE  6EF7               	movwf	tblptrh,c
   193   0011E0  0E00               	movlw	low (__pidataCOMRAM shr (0+16))
   194   0011E2  6EF8               	movwf	tblptru,c
   195   0011E4  EE00  F001         	lfsr	0,__pdataCOMRAM
   196   0011E8  EE10 F023          	lfsr	1,35
   197   0011EC                     copy_data0:
   198   0011EC  0009               	tblrd		*+
   199   0011EE  CFF5 FFEE          	movff	tablat,postinc0
   200   0011F2  50E5               	movf	postdec1,w,c
   201   0011F4  50E1               	movf	fsr1l,w,c
   202   0011F6  E1FA               	bnz	copy_data0
   203                           
   204                           ; Clear objects allocated to COMRAM (29 bytes)
   205   0011F8  EE00  F024         	lfsr	0,__pbssCOMRAM
   206   0011FC  0E1D               	movlw	29
   207   0011FE                     clear_0:
   208   0011FE  6AEE               	clrf	postinc0,c
   209   001200  06E8               	decf	wreg,f,c
   210   001202  E1FD               	bnz	clear_0
   211   001204                     end_of_initialization:
   212                           	callstack 0
   213   001204                     __end_of__initialization:
   214                           	callstack 0
   215   001204  9042               	bcf	int$flags,0,c	;clear compiler interrupt flag (level 1)
   216   001206  9242               	bcf	int$flags,1,c	;clear compiler interrupt flag (level 2)
   217   001208  0100               	movlb	0
   218   00120A  EF4D  F009         	goto	_main	;jump to C main() function
   219                           
   220                           	psect	bssCOMRAM
   221   000024                     __pbssCOMRAM:
   222                           	callstack 0
   223   000024                     _RB7_Interrupt_Handler_Low:
   224                           	callstack 0
   225   000024                     	ds	2
   226   000026                     _RB7_Interrupt_Handler_High:
   227                           	callstack 0
   228   000026                     	ds	2
   229   000028                     _RB6_Interrupt_Handler_Low:
   230                           	callstack 0
   231   000028                     	ds	2
   232   00002A                     _RB6_Interrupt_Handler_High:
   233                           	callstack 0
   234   00002A                     	ds	2
   235   00002C                     _RB5_Interrupt_Handler_Low:
   236                           	callstack 0
   237   00002C                     	ds	2
   238   00002E                     _RB5_Interrupt_Handler_High:
   239                           	callstack 0
   240   00002E                     	ds	2
   241   000030                     _RB4_Interrupt_Handler_Low:
   242                           	callstack 0
   243   000030                     	ds	2
   244   000032                     _RB4_Interrupt_Handler_High:
   245                           	callstack 0
   246   000032                     	ds	2
   247   000034                     _INT2_Interrupt_Handler:
   248                           	callstack 0
   249   000034                     	ds	2
   250   000036                     _INT1_Interrupt_Handler:
   251                           	callstack 0
   252   000036                     	ds	2
   253   000038                     _INT0_Interrupt_Handler:
   254                           	callstack 0
   255   000038                     	ds	2
   256   00003A                     Relay_off@F3490:
   257                           	callstack 0
   258   00003A                     	ds	1
   259   00003B                     Relay_on@F3485:
   260                           	callstack 0
   261   00003B                     	ds	1
   262   00003C                     Relay_initialize@F3480:
   263                           	callstack 0
   264   00003C                     	ds	1
   265   00003D                     led_toggle_status@F3497:
   266                           	callstack 0
   267   00003D                     	ds	1
   268   00003E                     led_turn_off@F3492:
   269                           	callstack 0
   270   00003E                     	ds	1
   271   00003F                     led_turn_on@F3487:
   272                           	callstack 0
   273   00003F                     	ds	1
   274   000040                     led_intialize@F3482:
   275                           	callstack 0
   276   000040                     	ds	1
   277                           
   278                           	psect	dataCOMRAM
   279   000001                     __pdataCOMRAM:
   280                           	callstack 0
   281   000001                     _port_registers:
   282                           	callstack 0
   283   000001                     	ds	10
   284   00000B                     _lat_registers:
   285                           	callstack 0
   286   00000B                     	ds	10
   287   000015                     _tris_registers:
   288                           	callstack 0
   289   000015                     	ds	10
   290   00001F                     _ret:
   291                           	callstack 0
   292   00001F                     	ds	1
   293   000020                     _RB7_f:
   294                           	callstack 0
   295   000020                     	ds	1
   296   000021                     _RB6_f:
   297                           	callstack 0
   298   000021                     	ds	1
   299   000022                     _RB5_f:
   300                           	callstack 0
   301   000022                     	ds	1
   302   000023                     _RB4_f:
   303                           	callstack 0
   304   000023                     	ds	1
   305                           
   306                           	psect	cstackCOMRAM
   307   000041                     __pcstackCOMRAM:
   308                           	callstack 0
   309   000041                     RB4_ISR@source:
   310                           	callstack 0
   311   000041                     RB5_ISR@source:
   312                           	callstack 0
   313   000041                     RB6_ISR@source:
   314                           	callstack 0
   315   000041                     RB7_ISR@source:
   316                           	callstack 0
   317                           
   318                           ; 1 bytes @ 0x0
   319   000041                     	ds	1
   320   000042                     
   321                           ; 1 bytes @ 0x1
   322 ;;
   323 ;;Main: autosize = 0, tempsize = 0, incstack = 0, save=0
   324 ;;
   325 ;; *************** function _main *****************
   326 ;; Defined at:
   327 ;;		line 10 in file "app.c"
   328 ;; Parameters:    Size  Location     Type
   329 ;;		None
   330 ;; Auto vars:     Size  Location     Type
   331 ;;		None
   332 ;; Return value:  Size  Location     Type
   333 ;;                  2  709[None  ] int 
   334 ;; Registers used:
   335 ;;		wreg, status,2, cstack
   336 ;; Tracked objects:
   337 ;;		On entry : 0/0
   338 ;;		On exit  : 0/0
   339 ;;		Unchanged: 0/0
   340 ;; Data sizes:     COMRAM   BANK0   BANK1   BANK2   BANK3   BANK4   BANK5   BANK6   BANK7   BANK8   BANK9  BANK10  BANK1
      +1  BANK12  BANK13  BANK14  BANK15
   341 ;;      Params:         0       0       0       0       0       0       0       0       0       0       0       0       
      +0       0       0       0       0
   342 ;;      Locals:         0       0       0       0       0       0       0       0       0       0       0       0       
      +0       0       0       0       0
   343 ;;      Temps:          0       0       0       0       0       0       0       0       0       0       0       0       
      +0       0       0       0       0
   344 ;;      Totals:         0       0       0       0       0       0       0       0       0       0       0       0       
      +0       0       0       0       0
   345 ;;Total ram usage:        0 bytes
   346 ;; Hardware stack levels required when called: 4
   347 ;; This function calls:
   348 ;;		_Application_initialize
   349 ;; This function is called by:
   350 ;;		Startup code after reset
   351 ;; This function uses a non-reentrant model
   352 ;;
   353                           
   354                           	psect	text0
   355   00129A                     __ptext0:
   356                           	callstack 0
   357   00129A                     _main:
   358                           	callstack 27
   359   00129A                     
   360                           ;app.c: 12:     Application_initialize();
   361   00129A  EC53  F009         	call	_Application_initialize	;wreg free
   362   00129E                     l710:
   363   00129E  EF4F  F009         	goto	l710
   364   0012A2  EF07  F000         	goto	start
   365   0012A6                     __end_of_main:
   366                           	callstack 0
   367                           
   368 ;; *************** function _Application_initialize *****************
   369 ;; Defined at:
   370 ;;		line 21 in file "app.c"
   371 ;; Parameters:    Size  Location     Type
   372 ;;		None
   373 ;; Auto vars:     Size  Location     Type
   374 ;;		None
   375 ;; Return value:  Size  Location     Type
   376 ;;                  1    wreg      void 
   377 ;; Registers used:
   378 ;;		wreg, status,2, cstack
   379 ;; Tracked objects:
   380 ;;		On entry : 0/0
   381 ;;		On exit  : 0/0
   382 ;;		Unchanged: 0/0
   383 ;; Data sizes:     COMRAM   BANK0   BANK1   BANK2   BANK3   BANK4   BANK5   BANK6   BANK7   BANK8   BANK9  BANK10  BANK1
      +1  BANK12  BANK13  BANK14  BANK15
   384 ;;      Params:         0       0       0       0       0       0       0       0       0       0       0       0       
      +0       0       0       0       0
   385 ;;      Locals:         0       0       0       0       0       0       0       0       0       0       0       0       
      +0       0       0       0       0
   386 ;;      Temps:          0       0       0       0       0       0       0       0       0       0       0       0       
      +0       0       0       0       0
   387 ;;      Totals:         0       0       0       0       0       0       0       0       0       0       0       0       
      +0       0       0       0       0
   388 ;;Total ram usage:        0 bytes
   389 ;; Hardware stack levels used: 1
   390 ;; Hardware stack levels required when called: 3
   391 ;; This function calls:
   392 ;;		_ecu_layer_initialize
   393 ;; This function is called by:
   394 ;;		_main
   395 ;; This function uses a non-reentrant model
   396 ;;
   397                           
   398                           	psect	text1
   399   0012A6                     __ptext1:
   400                           	callstack 0
   401   0012A6                     _Application_initialize:
   402                           	callstack 27
   403   0012A6                     
   404                           ;app.c: 22:     ecu_layer_initialize();
   405   0012A6  EC5C  F009         	call	_ecu_layer_initialize	;wreg free
   406   0012AA  0012               	return		;funcret
   407   0012AC                     __end_of_Application_initialize:
   408                           	callstack 0
   409                           
   410 ;; *************** function _ecu_layer_initialize *****************
   411 ;; Defined at:
   412 ;;		line 11 in file "ECU_LAYER/ecu_layer_init.c"
   413 ;; Parameters:    Size  Location     Type
   414 ;;		None
   415 ;; Auto vars:     Size  Location     Type
   416 ;;  ret             1    0        unsigned char 
   417 ;; Return value:  Size  Location     Type
   418 ;;                  1    wreg      void 
   419 ;; Registers used:
   420 ;;		wreg, status,2
   421 ;; Tracked objects:
   422 ;;		On entry : 0/0
   423 ;;		On exit  : 0/0
   424 ;;		Unchanged: 0/0
   425 ;; Data sizes:     COMRAM   BANK0   BANK1   BANK2   BANK3   BANK4   BANK5   BANK6   BANK7   BANK8   BANK9  BANK10  BANK1
      +1  BANK12  BANK13  BANK14  BANK15
   426 ;;      Params:         0       0       0       0       0       0       0       0       0       0       0       0       
      +0       0       0       0       0
   427 ;;      Locals:         0       0       0       0       0       0       0       0       0       0       0       0       
      +0       0       0       0       0
   428 ;;      Temps:          0       0       0       0       0       0       0       0       0       0       0       0       
      +0       0       0       0       0
   429 ;;      Totals:         0       0       0       0       0       0       0       0       0       0       0       0       
      +0       0       0       0       0
   430 ;;Total ram usage:        0 bytes
   431 ;; Hardware stack levels used: 1
   432 ;; Hardware stack levels required when called: 2
   433 ;; This function calls:
   434 ;;		Nothing
   435 ;; This function is called by:
   436 ;;		_Application_initialize
   437 ;; This function uses a non-reentrant model
   438 ;;
   439                           
   440                           	psect	text2
   441   0012B8                     __ptext2:
   442                           	callstack 0
   443   0012B8                     _ecu_layer_initialize:
   444                           	callstack 27
   445   0012B8  0012               	return		;funcret
   446   0012BA                     __end_of_ecu_layer_initialize:
   447                           	callstack 0
   448                           
   449 ;; *************** function _Interrupt_Manager_High *****************
   450 ;; Defined at:
   451 ;;		line 36 in file "MCAL_LAYER/Interrupt/mcal_interrupt_manager.c"
   452 ;; Parameters:    Size  Location     Type
   453 ;;		None
   454 ;; Auto vars:     Size  Location     Type
   455 ;;		None
   456 ;; Return value:  Size  Location     Type
   457 ;;                  1    wreg      void 
   458 ;; Registers used:
   459 ;;		wreg, status,2, status,0, cstack
   460 ;; Tracked objects:
   461 ;;		On entry : 0/0
   462 ;;		On exit  : 0/0
   463 ;;		Unchanged: 0/0
   464 ;; Data sizes:     COMRAM   BANK0   BANK1   BANK2   BANK3   BANK4   BANK5   BANK6   BANK7   BANK8   BANK9  BANK10  BANK1
      +1  BANK12  BANK13  BANK14  BANK15
   465 ;;      Params:         0       0       0       0       0       0       0       0       0       0       0       0       
      +0       0       0       0       0
   466 ;;      Locals:         0       0       0       0       0       0       0       0       0       0       0       0       
      +0       0       0       0       0
   467 ;;      Temps:          0       0       0       0       0       0       0       0       0       0       0       0       
      +0       0       0       0       0
   468 ;;      Totals:         0       0       0       0       0       0       0       0       0       0       0       0       
      +0       0       0       0       0
   469 ;;Total ram usage:        0 bytes
   470 ;; Hardware stack levels used: 1
   471 ;; Hardware stack levels required when called: 1
   472 ;; This function calls:
   473 ;;		_INT0_ISR
   474 ;;		_INT1_ISR
   475 ;;		_INT2_ISR
   476 ;;		_RB4_ISR
   477 ;;		_RB5_ISR
   478 ;;		_RB6_ISR
   479 ;;		_RB7_ISR
   480 ;; This function is called by:
   481 ;;		Interrupt level 2
   482 ;; This function uses a non-reentrant model
   483 ;;
   484                           
   485                           	psect	intcode
   486   000008                     __pintcode:
   487                           	callstack 0
   488   000008                     _Interrupt_Manager_High:
   489                           	callstack 27
   490                           
   491                           ;incstack = 0
   492   000008  8242               	bsf	int$flags,1,c	;set compiler interrupt flag (level 2)
   493   00000A  ED0B  F008         	call	int_func,f	;refresh shadow registers
   494                           
   495                           	psect	intcode_body
   496   001016                     __pintcode_body:
   497                           	callstack 27
   498   001016                     int_func:
   499                           	callstack 27
   500   001016  0006               	pop		; remove dummy address from shadow register refresh
   501   001018                     
   502                           ;MCAL_LAYER/Interrupt/mcal_interrupt_manager.c: 38:     if ((INTCONbits.INT0IE == 1) && 
      +                          (INTCONbits.INT0IF == 1)) {
   503   001018  A8F2               	btfss	242,4,c	;volatile
   504   00101A  EF11  F008         	goto	i2u132_41
   505   00101E  EF13  F008         	goto	i2u132_40
   506   001022                     i2u132_41:
   507   001022  EF1C  F008         	goto	i2l2768
   508   001026                     i2u132_40:
   509   001026  A2F2               	btfss	242,1,c	;volatile
   510   001028  EF18  F008         	goto	i2u133_41
   511   00102C  EF1A  F008         	goto	i2u133_40
   512   001030                     i2u133_41:
   513   001030  EF1C  F008         	goto	i2l2768
   514   001034                     i2u133_40:
   515   001034                     
   516                           ;MCAL_LAYER/Interrupt/mcal_interrupt_manager.c: 39:         INT0_ISR();
   517   001034  EC5A  F009         	call	_INT0_ISR	;wreg free
   518   001038                     i2l2768:
   519                           
   520                           ;MCAL_LAYER/Interrupt/mcal_interrupt_manager.c: 42:     if ((INTCON3bits.INT1IE == 1) &&
      +                           (INTCON3bits.INT1IF == 1)) {
   521   001038  A6F0               	btfss	240,3,c	;volatile
   522   00103A  EF21  F008         	goto	i2u134_41
   523   00103E  EF23  F008         	goto	i2u134_40
   524   001042                     i2u134_41:
   525   001042  EF2C  F008         	goto	i2l2774
   526   001046                     i2u134_40:
   527   001046  A0F0               	btfss	240,0,c	;volatile
   528   001048  EF28  F008         	goto	i2u135_41
   529   00104C  EF2A  F008         	goto	i2u135_40
   530   001050                     i2u135_41:
   531   001050  EF2C  F008         	goto	i2l2774
   532   001054                     i2u135_40:
   533   001054                     
   534                           ;MCAL_LAYER/Interrupt/mcal_interrupt_manager.c: 43:         INT1_ISR();
   535   001054  EC58  F009         	call	_INT1_ISR	;wreg free
   536   001058                     i2l2774:
   537                           
   538                           ;MCAL_LAYER/Interrupt/mcal_interrupt_manager.c: 46:     if ((INTCON3bits.INT2IE == 1) &&
      +                           (INTCON3bits.INT2IF == 1)) {
   539   001058  A8F0               	btfss	240,4,c	;volatile
   540   00105A  EF31  F008         	goto	i2u136_41
   541   00105E  EF33  F008         	goto	i2u136_40
   542   001062                     i2u136_41:
   543   001062  EF3C  F008         	goto	i2l2780
   544   001066                     i2u136_40:
   545   001066  A2F0               	btfss	240,1,c	;volatile
   546   001068  EF38  F008         	goto	i2u137_41
   547   00106C  EF3A  F008         	goto	i2u137_40
   548   001070                     i2u137_41:
   549   001070  EF3C  F008         	goto	i2l2780
   550   001074                     i2u137_40:
   551   001074                     
   552                           ;MCAL_LAYER/Interrupt/mcal_interrupt_manager.c: 47:         INT2_ISR();
   553   001074  EC56  F009         	call	_INT2_ISR	;wreg free
   554   001078                     i2l2780:
   555                           
   556                           ;MCAL_LAYER/Interrupt/mcal_interrupt_manager.c: 51:     if ((INTCONbits.RBIE == 1) && (I
      +                          NTCONbits.RBIF == 1)) {
   557   001078  A6F2               	btfss	242,3,c	;volatile
   558   00107A  EF41  F008         	goto	i2u138_41
   559   00107E  EF43  F008         	goto	i2u138_40
   560   001082                     i2u138_41:
   561   001082  EFEA  F008         	goto	i2l699
   562   001086                     i2u138_40:
   563   001086  A0F2               	btfss	242,0,c	;volatile
   564   001088  EF48  F008         	goto	i2u139_41
   565   00108C  EF4A  F008         	goto	i2u139_40
   566   001090                     i2u139_41:
   567   001090  EFEA  F008         	goto	i2l699
   568   001094                     i2u139_40:
   569   001094                     
   570                           ;MCAL_LAYER/Interrupt/mcal_interrupt_manager.c: 55:         if ((PORTBbits.RB4 == GPIO_H
      +                          IGH) && RB4_f == 1) {
   571   001094  A881               	btfss	129,4,c	;volatile
   572   001096  EF4F  F008         	goto	i2u140_41
   573   00109A  EF51  F008         	goto	i2u140_40
   574   00109E                     i2u140_41:
   575   00109E  EF5E  F008         	goto	i2l2792
   576   0010A2                     i2u140_40:
   577   0010A2  0423               	decf	_RB4_f^0,w,c	;volatile
   578   0010A4  A4D8               	btfss	status,2,c
   579   0010A6  EF57  F008         	goto	i2u141_41
   580   0010AA  EF59  F008         	goto	i2u141_40
   581   0010AE                     i2u141_41:
   582   0010AE  EF5E  F008         	goto	i2l2792
   583   0010B2                     i2u141_40:
   584   0010B2                     
   585                           ;MCAL_LAYER/Interrupt/mcal_interrupt_manager.c: 56:             RB4_f = 0;
   586   0010B2  0E00               	movlw	0
   587   0010B4  6E23               	movwf	_RB4_f^0,c	;volatile
   588   0010B6                     
   589                           ;MCAL_LAYER/Interrupt/mcal_interrupt_manager.c: 57:             RB4_ISR(0);
   590   0010B6  0E00               	movlw	0
   591   0010B8  EC40  F009         	call	_RB4_ISR
   592   0010BC                     i2l2792:
   593                           
   594                           ;MCAL_LAYER/Interrupt/mcal_interrupt_manager.c: 59:         if ((PORTBbits.RB4 == GPIO_L
      +                          OW) && RB4_f == 0) {
   595   0010BC  B881               	btfsc	129,4,c	;volatile
   596   0010BE  EF63  F008         	goto	i2u142_41
   597   0010C2  EF65  F008         	goto	i2u142_40
   598   0010C6                     i2u142_41:
   599   0010C6  EF72  F008         	goto	i2l2800
   600   0010CA                     i2u142_40:
   601   0010CA  5023               	movf	_RB4_f^0,w,c	;volatile
   602   0010CC  A4D8               	btfss	status,2,c
   603   0010CE  EF6B  F008         	goto	i2u143_41
   604   0010D2  EF6D  F008         	goto	i2u143_40
   605   0010D6                     i2u143_41:
   606   0010D6  EF72  F008         	goto	i2l2800
   607   0010DA                     i2u143_40:
   608   0010DA                     
   609                           ;MCAL_LAYER/Interrupt/mcal_interrupt_manager.c: 60:             RB4_f = 1;
   610   0010DA  0E01               	movlw	1
   611   0010DC  6E23               	movwf	_RB4_f^0,c	;volatile
   612   0010DE                     
   613                           ;MCAL_LAYER/Interrupt/mcal_interrupt_manager.c: 61:             RB4_ISR(1);
   614   0010DE  0E01               	movlw	1
   615   0010E0  EC40  F009         	call	_RB4_ISR
   616   0010E4                     i2l2800:
   617                           
   618                           ;MCAL_LAYER/Interrupt/mcal_interrupt_manager.c: 64:         if ((PORTBbits.RB5 == GPIO_H
      +                          IGH) && RB5_f == 1) {
   619   0010E4  AA81               	btfss	129,5,c	;volatile
   620   0010E6  EF77  F008         	goto	i2u144_41
   621   0010EA  EF79  F008         	goto	i2u144_40
   622   0010EE                     i2u144_41:
   623   0010EE  EF86  F008         	goto	i2l2808
   624   0010F2                     i2u144_40:
   625   0010F2  0422               	decf	_RB5_f^0,w,c	;volatile
   626   0010F4  A4D8               	btfss	status,2,c
   627   0010F6  EF7F  F008         	goto	i2u145_41
   628   0010FA  EF81  F008         	goto	i2u145_40
   629   0010FE                     i2u145_41:
   630   0010FE  EF86  F008         	goto	i2l2808
   631   001102                     i2u145_40:
   632   001102                     
   633                           ;MCAL_LAYER/Interrupt/mcal_interrupt_manager.c: 65:             RB5_f = 0;
   634   001102  0E00               	movlw	0
   635   001104  6E22               	movwf	_RB5_f^0,c	;volatile
   636   001106                     
   637                           ;MCAL_LAYER/Interrupt/mcal_interrupt_manager.c: 66:             RB5_ISR(0);
   638   001106  0E00               	movlw	0
   639   001108  EC33  F009         	call	_RB5_ISR
   640   00110C                     i2l2808:
   641                           
   642                           ;MCAL_LAYER/Interrupt/mcal_interrupt_manager.c: 68:         if ((PORTBbits.RB5 == GPIO_L
      +                          OW) && RB5_f == 0) {
   643   00110C  BA81               	btfsc	129,5,c	;volatile
   644   00110E  EF8B  F008         	goto	i2u146_41
   645   001112  EF8D  F008         	goto	i2u146_40
   646   001116                     i2u146_41:
   647   001116  EF9A  F008         	goto	i2l2816
   648   00111A                     i2u146_40:
   649   00111A  5022               	movf	_RB5_f^0,w,c	;volatile
   650   00111C  A4D8               	btfss	status,2,c
   651   00111E  EF93  F008         	goto	i2u147_41
   652   001122  EF95  F008         	goto	i2u147_40
   653   001126                     i2u147_41:
   654   001126  EF9A  F008         	goto	i2l2816
   655   00112A                     i2u147_40:
   656   00112A                     
   657                           ;MCAL_LAYER/Interrupt/mcal_interrupt_manager.c: 69:             RB5_f = 1;
   658   00112A  0E01               	movlw	1
   659   00112C  6E22               	movwf	_RB5_f^0,c	;volatile
   660   00112E                     
   661                           ;MCAL_LAYER/Interrupt/mcal_interrupt_manager.c: 70:             RB5_ISR(1);
   662   00112E  0E01               	movlw	1
   663   001130  EC33  F009         	call	_RB5_ISR
   664   001134                     i2l2816:
   665                           
   666                           ;MCAL_LAYER/Interrupt/mcal_interrupt_manager.c: 73:         if ((PORTBbits.RB6 == GPIO_H
      +                          IGH) && RB6_f == 1) {
   667   001134  AC81               	btfss	129,6,c	;volatile
   668   001136  EF9F  F008         	goto	i2u148_41
   669   00113A  EFA1  F008         	goto	i2u148_40
   670   00113E                     i2u148_41:
   671   00113E  EFAE  F008         	goto	i2l2824
   672   001142                     i2u148_40:
   673   001142  0421               	decf	_RB6_f^0,w,c	;volatile
   674   001144  A4D8               	btfss	status,2,c
   675   001146  EFA7  F008         	goto	i2u149_41
   676   00114A  EFA9  F008         	goto	i2u149_40
   677   00114E                     i2u149_41:
   678   00114E  EFAE  F008         	goto	i2l2824
   679   001152                     i2u149_40:
   680   001152                     
   681                           ;MCAL_LAYER/Interrupt/mcal_interrupt_manager.c: 74:             RB6_f = 0;
   682   001152  0E00               	movlw	0
   683   001154  6E21               	movwf	_RB6_f^0,c	;volatile
   684   001156                     
   685                           ;MCAL_LAYER/Interrupt/mcal_interrupt_manager.c: 75:             RB6_ISR(0);
   686   001156  0E00               	movlw	0
   687   001158  EC26  F009         	call	_RB6_ISR
   688   00115C                     i2l2824:
   689                           
   690                           ;MCAL_LAYER/Interrupt/mcal_interrupt_manager.c: 77:         if ((PORTBbits.RB6 == GPIO_L
      +                          OW) && RB6_f == 0) {
   691   00115C  BC81               	btfsc	129,6,c	;volatile
   692   00115E  EFB3  F008         	goto	i2u150_41
   693   001162  EFB5  F008         	goto	i2u150_40
   694   001166                     i2u150_41:
   695   001166  EFC2  F008         	goto	i2l2832
   696   00116A                     i2u150_40:
   697   00116A  5021               	movf	_RB6_f^0,w,c	;volatile
   698   00116C  A4D8               	btfss	status,2,c
   699   00116E  EFBB  F008         	goto	i2u151_41
   700   001172  EFBD  F008         	goto	i2u151_40
   701   001176                     i2u151_41:
   702   001176  EFC2  F008         	goto	i2l2832
   703   00117A                     i2u151_40:
   704   00117A                     
   705                           ;MCAL_LAYER/Interrupt/mcal_interrupt_manager.c: 78:             RB6_f = 1;
   706   00117A  0E01               	movlw	1
   707   00117C  6E21               	movwf	_RB6_f^0,c	;volatile
   708   00117E                     
   709                           ;MCAL_LAYER/Interrupt/mcal_interrupt_manager.c: 79:             RB6_ISR(1);
   710   00117E  0E01               	movlw	1
   711   001180  EC26  F009         	call	_RB6_ISR
   712   001184                     i2l2832:
   713                           
   714                           ;MCAL_LAYER/Interrupt/mcal_interrupt_manager.c: 82:         if ((PORTBbits.RB7 == GPIO_H
      +                          IGH) && RB7_f == 1) {
   715   001184  AE81               	btfss	129,7,c	;volatile
   716   001186  EFC7  F008         	goto	i2u152_41
   717   00118A  EFC9  F008         	goto	i2u152_40
   718   00118E                     i2u152_41:
   719   00118E  EFD6  F008         	goto	i2l2840
   720   001192                     i2u152_40:
   721   001192  0420               	decf	_RB7_f^0,w,c	;volatile
   722   001194  A4D8               	btfss	status,2,c
   723   001196  EFCF  F008         	goto	i2u153_41
   724   00119A  EFD1  F008         	goto	i2u153_40
   725   00119E                     i2u153_41:
   726   00119E  EFD6  F008         	goto	i2l2840
   727   0011A2                     i2u153_40:
   728   0011A2                     
   729                           ;MCAL_LAYER/Interrupt/mcal_interrupt_manager.c: 83:             RB7_f = 0;
   730   0011A2  0E00               	movlw	0
   731   0011A4  6E20               	movwf	_RB7_f^0,c	;volatile
   732   0011A6                     
   733                           ;MCAL_LAYER/Interrupt/mcal_interrupt_manager.c: 84:             RB7_ISR(0);
   734   0011A6  0E00               	movlw	0
   735   0011A8  EC19  F009         	call	_RB7_ISR
   736   0011AC                     i2l2840:
   737                           
   738                           ;MCAL_LAYER/Interrupt/mcal_interrupt_manager.c: 86:         if ((PORTBbits.RB7 == GPIO_L
      +                          OW) && RB7_f == 0) {
   739   0011AC  BE81               	btfsc	129,7,c	;volatile
   740   0011AE  EFDB  F008         	goto	i2u154_41
   741   0011B2  EFDD  F008         	goto	i2u154_40
   742   0011B6                     i2u154_41:
   743   0011B6  EFEA  F008         	goto	i2l699
   744   0011BA                     i2u154_40:
   745   0011BA  5020               	movf	_RB7_f^0,w,c	;volatile
   746   0011BC  A4D8               	btfss	status,2,c
   747   0011BE  EFE3  F008         	goto	i2u155_41
   748   0011C2  EFE5  F008         	goto	i2u155_40
   749   0011C6                     i2u155_41:
   750   0011C6  EFEA  F008         	goto	i2l699
   751   0011CA                     i2u155_40:
   752   0011CA                     
   753                           ;MCAL_LAYER/Interrupt/mcal_interrupt_manager.c: 87:             RB7_f = 1;
   754   0011CA  0E01               	movlw	1
   755   0011CC  6E20               	movwf	_RB7_f^0,c	;volatile
   756   0011CE                     
   757                           ;MCAL_LAYER/Interrupt/mcal_interrupt_manager.c: 88:             RB7_ISR(1);
   758   0011CE  0E01               	movlw	1
   759   0011D0  EC19  F009         	call	_RB7_ISR
   760   0011D4                     i2l699:
   761   0011D4  9242               	bcf	int$flags,1,c	;clear compiler interrupt flag (level 2)
   762   0011D6  0011               	retfie		f
   763   0011D8                     __end_of_Interrupt_Manager_High:
   764                           	callstack 0
   765                           
   766 ;; *************** function _RB7_ISR *****************
   767 ;; Defined at:
   768 ;;		line 514 in file "MCAL_LAYER/Interrupt/mcal_external_interrupt.c"
   769 ;; Parameters:    Size  Location     Type
   770 ;;  source          1    wreg     unsigned char 
   771 ;; Auto vars:     Size  Location     Type
   772 ;;  source          1    0[COMRAM] unsigned char 
   773 ;; Return value:  Size  Location     Type
   774 ;;                  1    wreg      void 
   775 ;; Registers used:
   776 ;;		wreg, status,2, status,0
   777 ;; Tracked objects:
   778 ;;		On entry : 0/0
   779 ;;		On exit  : 0/0
   780 ;;		Unchanged: 0/0
   781 ;; Data sizes:     COMRAM   BANK0   BANK1   BANK2   BANK3   BANK4   BANK5   BANK6   BANK7   BANK8   BANK9  BANK10  BANK1
      +1  BANK12  BANK13  BANK14  BANK15
   782 ;;      Params:         0       0       0       0       0       0       0       0       0       0       0       0       
      +0       0       0       0       0
   783 ;;      Locals:         1       0       0       0       0       0       0       0       0       0       0       0       
      +0       0       0       0       0
   784 ;;      Temps:          0       0       0       0       0       0       0       0       0       0       0       0       
      +0       0       0       0       0
   785 ;;      Totals:         1       0       0       0       0       0       0       0       0       0       0       0       
      +0       0       0       0       0
   786 ;;Total ram usage:        1 bytes
   787 ;; Hardware stack levels used: 1
   788 ;; This function calls:
   789 ;;		Nothing
   790 ;; This function is called by:
   791 ;;		_Interrupt_Manager_High
   792 ;; This function uses a non-reentrant model
   793 ;;
   794                           
   795                           	psect	text4
   796   001232                     __ptext4:
   797                           	callstack 0
   798   001232                     _RB7_ISR:
   799                           	callstack 27
   800                           
   801                           ;incstack = 0
   802                           ;RB7_ISR@source stored from wreg
   803   001232  6E41               	movwf	RB7_ISR@source^0,c
   804   001234                     
   805                           ;MCAL_LAYER/Interrupt/mcal_external_interrupt.c: 515:     (INTCONbits.RBIF = 1);
   806   001234  80F2               	bsf	242,0,c	;volatile
   807   001236                     
   808                           ;MCAL_LAYER/Interrupt/mcal_external_interrupt.c: 517:     if (0 == source) {
   809   001236  5041               	movf	RB7_ISR@source^0,w,c
   810   001238  A4D8               	btfss	status,2,c
   811   00123A  EF21  F009         	goto	i2u35_41
   812   00123E  EF23  F009         	goto	i2u35_40
   813   001242                     i2u35_41:
   814   001242  EF25  F009         	goto	i2l1836
   815   001246                     i2u35_40:
   816   001246  EF25  F009         	goto	i2l654
   817   00124A                     i2l1836:
   818   00124A                     i2l654:
   819   00124A  0012               	return		;funcret
   820   00124C                     __end_of_RB7_ISR:
   821                           	callstack 0
   822                           
   823 ;; *************** function _RB6_ISR *****************
   824 ;; Defined at:
   825 ;;		line 500 in file "MCAL_LAYER/Interrupt/mcal_external_interrupt.c"
   826 ;; Parameters:    Size  Location     Type
   827 ;;  source          1    wreg     unsigned char 
   828 ;; Auto vars:     Size  Location     Type
   829 ;;  source          1    0[COMRAM] unsigned char 
   830 ;; Return value:  Size  Location     Type
   831 ;;                  1    wreg      void 
   832 ;; Registers used:
   833 ;;		wreg, status,2, status,0
   834 ;; Tracked objects:
   835 ;;		On entry : 0/0
   836 ;;		On exit  : 0/0
   837 ;;		Unchanged: 0/0
   838 ;; Data sizes:     COMRAM   BANK0   BANK1   BANK2   BANK3   BANK4   BANK5   BANK6   BANK7   BANK8   BANK9  BANK10  BANK1
      +1  BANK12  BANK13  BANK14  BANK15
   839 ;;      Params:         0       0       0       0       0       0       0       0       0       0       0       0       
      +0       0       0       0       0
   840 ;;      Locals:         1       0       0       0       0       0       0       0       0       0       0       0       
      +0       0       0       0       0
   841 ;;      Temps:          0       0       0       0       0       0       0       0       0       0       0       0       
      +0       0       0       0       0
   842 ;;      Totals:         1       0       0       0       0       0       0       0       0       0       0       0       
      +0       0       0       0       0
   843 ;;Total ram usage:        1 bytes
   844 ;; Hardware stack levels used: 1
   845 ;; This function calls:
   846 ;;		Nothing
   847 ;; This function is called by:
   848 ;;		_Interrupt_Manager_High
   849 ;; This function uses a non-reentrant model
   850 ;;
   851                           
   852                           	psect	text5
   853   00124C                     __ptext5:
   854                           	callstack 0
   855   00124C                     _RB6_ISR:
   856                           	callstack 27
   857                           
   858                           ;incstack = 0
   859                           ;RB6_ISR@source stored from wreg
   860   00124C  6E41               	movwf	RB6_ISR@source^0,c
   861   00124E                     
   862                           ;MCAL_LAYER/Interrupt/mcal_external_interrupt.c: 501:     (INTCONbits.RBIF = 1);
   863   00124E  80F2               	bsf	242,0,c	;volatile
   864   001250                     
   865                           ;MCAL_LAYER/Interrupt/mcal_external_interrupt.c: 503:     if (0 == source) {
   866   001250  5041               	movf	RB6_ISR@source^0,w,c
   867   001252  A4D8               	btfss	status,2,c
   868   001254  EF2E  F009         	goto	i2u34_41
   869   001258  EF30  F009         	goto	i2u34_40
   870   00125C                     i2u34_41:
   871   00125C  EF32  F009         	goto	i2l1826
   872   001260                     i2u34_40:
   873   001260  EF32  F009         	goto	i2l646
   874   001264                     i2l1826:
   875   001264                     i2l646:
   876   001264  0012               	return		;funcret
   877   001266                     __end_of_RB6_ISR:
   878                           	callstack 0
   879                           
   880 ;; *************** function _RB5_ISR *****************
   881 ;; Defined at:
   882 ;;		line 486 in file "MCAL_LAYER/Interrupt/mcal_external_interrupt.c"
   883 ;; Parameters:    Size  Location     Type
   884 ;;  source          1    wreg     unsigned char 
   885 ;; Auto vars:     Size  Location     Type
   886 ;;  source          1    0[COMRAM] unsigned char 
   887 ;; Return value:  Size  Location     Type
   888 ;;                  1    wreg      void 
   889 ;; Registers used:
   890 ;;		wreg, status,2, status,0
   891 ;; Tracked objects:
   892 ;;		On entry : 0/0
   893 ;;		On exit  : 0/0
   894 ;;		Unchanged: 0/0
   895 ;; Data sizes:     COMRAM   BANK0   BANK1   BANK2   BANK3   BANK4   BANK5   BANK6   BANK7   BANK8   BANK9  BANK10  BANK1
      +1  BANK12  BANK13  BANK14  BANK15
   896 ;;      Params:         0       0       0       0       0       0       0       0       0       0       0       0       
      +0       0       0       0       0
   897 ;;      Locals:         1       0       0       0       0       0       0       0       0       0       0       0       
      +0       0       0       0       0
   898 ;;      Temps:          0       0       0       0       0       0       0       0       0       0       0       0       
      +0       0       0       0       0
   899 ;;      Totals:         1       0       0       0       0       0       0       0       0       0       0       0       
      +0       0       0       0       0
   900 ;;Total ram usage:        1 bytes
   901 ;; Hardware stack levels used: 1
   902 ;; This function calls:
   903 ;;		Nothing
   904 ;; This function is called by:
   905 ;;		_Interrupt_Manager_High
   906 ;; This function uses a non-reentrant model
   907 ;;
   908                           
   909                           	psect	text6
   910   001266                     __ptext6:
   911                           	callstack 0
   912   001266                     _RB5_ISR:
   913                           	callstack 27
   914                           
   915                           ;incstack = 0
   916                           ;RB5_ISR@source stored from wreg
   917   001266  6E41               	movwf	RB5_ISR@source^0,c
   918   001268                     
   919                           ;MCAL_LAYER/Interrupt/mcal_external_interrupt.c: 487:     (INTCONbits.RBIF = 1);
   920   001268  80F2               	bsf	242,0,c	;volatile
   921   00126A                     
   922                           ;MCAL_LAYER/Interrupt/mcal_external_interrupt.c: 489:     if (0 == source) {
   923   00126A  5041               	movf	RB5_ISR@source^0,w,c
   924   00126C  A4D8               	btfss	status,2,c
   925   00126E  EF3B  F009         	goto	i2u33_41
   926   001272  EF3D  F009         	goto	i2u33_40
   927   001276                     i2u33_41:
   928   001276  EF3F  F009         	goto	i2l1816
   929   00127A                     i2u33_40:
   930   00127A  EF3F  F009         	goto	i2l638
   931   00127E                     i2l1816:
   932   00127E                     i2l638:
   933   00127E  0012               	return		;funcret
   934   001280                     __end_of_RB5_ISR:
   935                           	callstack 0
   936                           
   937 ;; *************** function _RB4_ISR *****************
   938 ;; Defined at:
   939 ;;		line 472 in file "MCAL_LAYER/Interrupt/mcal_external_interrupt.c"
   940 ;; Parameters:    Size  Location     Type
   941 ;;  source          1    wreg     unsigned char 
   942 ;; Auto vars:     Size  Location     Type
   943 ;;  source          1    0[COMRAM] unsigned char 
   944 ;; Return value:  Size  Location     Type
   945 ;;                  1    wreg      void 
   946 ;; Registers used:
   947 ;;		wreg, status,2, status,0
   948 ;; Tracked objects:
   949 ;;		On entry : 0/0
   950 ;;		On exit  : 0/0
   951 ;;		Unchanged: 0/0
   952 ;; Data sizes:     COMRAM   BANK0   BANK1   BANK2   BANK3   BANK4   BANK5   BANK6   BANK7   BANK8   BANK9  BANK10  BANK1
      +1  BANK12  BANK13  BANK14  BANK15
   953 ;;      Params:         0       0       0       0       0       0       0       0       0       0       0       0       
      +0       0       0       0       0
   954 ;;      Locals:         1       0       0       0       0       0       0       0       0       0       0       0       
      +0       0       0       0       0
   955 ;;      Temps:          0       0       0       0       0       0       0       0       0       0       0       0       
      +0       0       0       0       0
   956 ;;      Totals:         1       0       0       0       0       0       0       0       0       0       0       0       
      +0       0       0       0       0
   957 ;;Total ram usage:        1 bytes
   958 ;; Hardware stack levels used: 1
   959 ;; This function calls:
   960 ;;		Nothing
   961 ;; This function is called by:
   962 ;;		_Interrupt_Manager_High
   963 ;; This function uses a non-reentrant model
   964 ;;
   965                           
   966                           	psect	text7
   967   001280                     __ptext7:
   968                           	callstack 0
   969   001280                     _RB4_ISR:
   970                           	callstack 27
   971                           
   972                           ;incstack = 0
   973                           ;RB4_ISR@source stored from wreg
   974   001280  6E41               	movwf	RB4_ISR@source^0,c
   975   001282                     
   976                           ;MCAL_LAYER/Interrupt/mcal_external_interrupt.c: 473:     (INTCONbits.RBIF = 1);
   977   001282  80F2               	bsf	242,0,c	;volatile
   978   001284                     
   979                           ;MCAL_LAYER/Interrupt/mcal_external_interrupt.c: 475:     if (0 == source) {
   980   001284  5041               	movf	RB4_ISR@source^0,w,c
   981   001286  A4D8               	btfss	status,2,c
   982   001288  EF48  F009         	goto	i2u32_41
   983   00128C  EF4A  F009         	goto	i2u32_40
   984   001290                     i2u32_41:
   985   001290  EF4C  F009         	goto	i2l1806
   986   001294                     i2u32_40:
   987   001294  EF4C  F009         	goto	i2l630
   988   001298                     i2l1806:
   989   001298                     i2l630:
   990   001298  0012               	return		;funcret
   991   00129A                     __end_of_RB4_ISR:
   992                           	callstack 0
   993                           
   994 ;; *************** function _INT2_ISR *****************
   995 ;; Defined at:
   996 ;;		line 466 in file "MCAL_LAYER/Interrupt/mcal_external_interrupt.c"
   997 ;; Parameters:    Size  Location     Type
   998 ;;		None
   999 ;; Auto vars:     Size  Location     Type
  1000 ;;		None
  1001 ;; Return value:  Size  Location     Type
  1002 ;;                  1    wreg      void 
  1003 ;; Registers used:
  1004 ;;		None
  1005 ;; Tracked objects:
  1006 ;;		On entry : 0/0
  1007 ;;		On exit  : 0/0
  1008 ;;		Unchanged: 0/0
  1009 ;; Data sizes:     COMRAM   BANK0   BANK1   BANK2   BANK3   BANK4   BANK5   BANK6   BANK7   BANK8   BANK9  BANK10  BANK1
      +1  BANK12  BANK13  BANK14  BANK15
  1010 ;;      Params:         0       0       0       0       0       0       0       0       0       0       0       0       
      +0       0       0       0       0
  1011 ;;      Locals:         0       0       0       0       0       0       0       0       0       0       0       0       
      +0       0       0       0       0
  1012 ;;      Temps:          0       0       0       0       0       0       0       0       0       0       0       0       
      +0       0       0       0       0
  1013 ;;      Totals:         0       0       0       0       0       0       0       0       0       0       0       0       
      +0       0       0       0       0
  1014 ;;Total ram usage:        0 bytes
  1015 ;; Hardware stack levels used: 1
  1016 ;; This function calls:
  1017 ;;		Nothing
  1018 ;; This function is called by:
  1019 ;;		_Interrupt_Manager_High
  1020 ;; This function uses a non-reentrant model
  1021 ;;
  1022                           
  1023                           	psect	text8
  1024   0012AC                     __ptext8:
  1025                           	callstack 0
  1026   0012AC                     _INT2_ISR:
  1027                           	callstack 27
  1028   0012AC                     
  1029                           ;MCAL_LAYER/Interrupt/mcal_external_interrupt.c: 467:     (INTCON3bits.INT2IF = 0);
  1030   0012AC  92F0               	bcf	240,1,c	;volatile
  1031   0012AE  0012               	return		;funcret
  1032   0012B0                     __end_of_INT2_ISR:
  1033                           	callstack 0
  1034                           
  1035 ;; *************** function _INT1_ISR *****************
  1036 ;; Defined at:
  1037 ;;		line 460 in file "MCAL_LAYER/Interrupt/mcal_external_interrupt.c"
  1038 ;; Parameters:    Size  Location     Type
  1039 ;;		None
  1040 ;; Auto vars:     Size  Location     Type
  1041 ;;		None
  1042 ;; Return value:  Size  Location     Type
  1043 ;;                  1    wreg      void 
  1044 ;; Registers used:
  1045 ;;		None
  1046 ;; Tracked objects:
  1047 ;;		On entry : 0/0
  1048 ;;		On exit  : 0/0
  1049 ;;		Unchanged: 0/0
  1050 ;; Data sizes:     COMRAM   BANK0   BANK1   BANK2   BANK3   BANK4   BANK5   BANK6   BANK7   BANK8   BANK9  BANK10  BANK1
      +1  BANK12  BANK13  BANK14  BANK15
  1051 ;;      Params:         0       0       0       0       0       0       0       0       0       0       0       0       
      +0       0       0       0       0
  1052 ;;      Locals:         0       0       0       0       0       0       0       0       0       0       0       0       
      +0       0       0       0       0
  1053 ;;      Temps:          0       0       0       0       0       0       0       0       0       0       0       0       
      +0       0       0       0       0
  1054 ;;      Totals:         0       0       0       0       0       0       0       0       0       0       0       0       
      +0       0       0       0       0
  1055 ;;Total ram usage:        0 bytes
  1056 ;; Hardware stack levels used: 1
  1057 ;; This function calls:
  1058 ;;		Nothing
  1059 ;; This function is called by:
  1060 ;;		_Interrupt_Manager_High
  1061 ;; This function uses a non-reentrant model
  1062 ;;
  1063                           
  1064                           	psect	text9
  1065   0012B0                     __ptext9:
  1066                           	callstack 0
  1067   0012B0                     _INT1_ISR:
  1068                           	callstack 27
  1069   0012B0                     
  1070                           ;MCAL_LAYER/Interrupt/mcal_external_interrupt.c: 461:     (INTCON3bits.INT1IF = 0);
  1071   0012B0  90F0               	bcf	240,0,c	;volatile
  1072   0012B2  0012               	return		;funcret
  1073   0012B4                     __end_of_INT1_ISR:
  1074                           	callstack 0
  1075                           
  1076 ;; *************** function _INT0_ISR *****************
  1077 ;; Defined at:
  1078 ;;		line 454 in file "MCAL_LAYER/Interrupt/mcal_external_interrupt.c"
  1079 ;; Parameters:    Size  Location     Type
  1080 ;;		None
  1081 ;; Auto vars:     Size  Location     Type
  1082 ;;		None
  1083 ;; Return value:  Size  Location     Type
  1084 ;;                  1    wreg      void 
  1085 ;; Registers used:
  1086 ;;		None
  1087 ;; Tracked objects:
  1088 ;;		On entry : 0/0
  1089 ;;		On exit  : 0/0
  1090 ;;		Unchanged: 0/0
  1091 ;; Data sizes:     COMRAM   BANK0   BANK1   BANK2   BANK3   BANK4   BANK5   BANK6   BANK7   BANK8   BANK9  BANK10  BANK1
      +1  BANK12  BANK13  BANK14  BANK15
  1092 ;;      Params:         0       0       0       0       0       0       0       0       0       0       0       0       
      +0       0       0       0       0
  1093 ;;      Locals:         0       0       0       0       0       0       0       0       0       0       0       0       
      +0       0       0       0       0
  1094 ;;      Temps:          0       0       0       0       0       0       0       0       0       0       0       0       
      +0       0       0       0       0
  1095 ;;      Totals:         0       0       0       0       0       0       0       0       0       0       0       0       
      +0       0       0       0       0
  1096 ;;Total ram usage:        0 bytes
  1097 ;; Hardware stack levels used: 1
  1098 ;; This function calls:
  1099 ;;		Nothing
  1100 ;; This function is called by:
  1101 ;;		_Interrupt_Manager_High
  1102 ;; This function uses a non-reentrant model
  1103 ;;
  1104                           
  1105                           	psect	text10
  1106   0012B4                     __ptext10:
  1107                           	callstack 0
  1108   0012B4                     _INT0_ISR:
  1109                           	callstack 27
  1110   0012B4                     
  1111                           ;MCAL_LAYER/Interrupt/mcal_external_interrupt.c: 455:     (INTCONbits.INT0IF = 0);
  1112   0012B4  92F2               	bcf	242,1,c	;volatile
  1113   0012B6  0012               	return		;funcret
  1114   0012B8                     __end_of_INT0_ISR:
  1115                           	callstack 0
  1116                           
  1117                           	psect	rparam
  1118   000000                     
  1119                           	psect	temp
  1120   000042                     btemp:
  1121                           	callstack 0
  1122   000042                     	ds	1
  1123   000000                     int$flags	set	btemp
  1124   000000                     wtemp8	set	btemp+1
  1125   000000                     ttemp5	set	btemp+1
  1126   000000                     ttemp6	set	btemp+4
  1127   000000                     ttemp7	set	btemp+8
  1128                           
  1129                           	psect	config
  1130                           
  1131                           ; Padding undefined space
  1132   300000                     	org	3145728
  1133   300000  FF                 	db	255
  1134                           
  1135                           ;Config register CONFIG1H @ 0x300001
  1136                           ;	Oscillator Selection bits
  1137                           ;	OSC = HS, HS oscillator
  1138                           ;	Fail-Safe Clock Monitor Enable bit
  1139                           ;	FCMEN = OFF, Fail-Safe Clock Monitor disabled
  1140                           ;	Internal/External Oscillator Switchover bit
  1141                           ;	IESO = OFF, Oscillator Switchover mode disabled
  1142   300001                     	org	3145729
  1143   300001  02                 	db	2
  1144                           
  1145                           ;Config register CONFIG2L @ 0x300002
  1146                           ;	Power-up Timer Enable bit
  1147                           ;	PWRT = OFF, PWRT disabled
  1148                           ;	Brown-out Reset Enable bits
  1149                           ;	BOREN = OFF, Brown-out Reset disabled in hardware and software
  1150                           ;	Brown Out Reset Voltage bits
  1151                           ;	BORV = 1, 
  1152   300002                     	org	3145730
  1153   300002  09                 	db	9
  1154                           
  1155                           ;Config register CONFIG2H @ 0x300003
  1156                           ;	Watchdog Timer Enable bit
  1157                           ;	WDT = OFF, WDT disabled (control is placed on the SWDTEN bit)
  1158                           ;	Watchdog Timer Postscale Select bits
  1159                           ;	WDTPS = 32768, 1:32768
  1160   300003                     	org	3145731
  1161   300003  1E                 	db	30
  1162                           
  1163                           ; Padding undefined space
  1164   300004                     	org	3145732
  1165   300004  FF                 	db	255
  1166                           
  1167                           ;Config register CONFIG3H @ 0x300005
  1168                           ;	CCP2 MUX bit
  1169                           ;	CCP2MX = PORTC, CCP2 input/output is multiplexed with RC1
  1170                           ;	PORTB A/D Enable bit
  1171                           ;	PBADEN = OFF, PORTB<4:0> pins are configured as digital I/O on Reset
  1172                           ;	Low-Power Timer1 Oscillator Enable bit
  1173                           ;	LPT1OSC = OFF, Timer1 configured for higher power operation
  1174                           ;	MCLR Pin Enable bit
  1175                           ;	MCLRE = ON, MCLR pin enabled; RE3 input pin disabled
  1176   300005                     	org	3145733
  1177   300005  81                 	db	129
  1178                           
  1179                           ;Config register CONFIG4L @ 0x300006
  1180                           ;	Stack Full/Underflow Reset Enable bit
  1181                           ;	STVREN = ON, Stack full/underflow will cause Reset
  1182                           ;	Single-Supply ICSP Enable bit
  1183                           ;	LVP = OFF, Single-Supply ICSP disabled
  1184                           ;	Extended Instruction Set Enable bit
  1185                           ;	XINST = OFF, Instruction set extension and Indexed Addressing mode disabled (Legacy mo
      +                          de)
  1186                           ;	Background Debugger Enable bit
  1187                           ;	DEBUG = 0x1, unprogrammed default
  1188   300006                     	org	3145734
  1189   300006  81                 	db	129
  1190                           
  1191                           ; Padding undefined space
  1192   300007                     	org	3145735
  1193   300007  FF                 	db	255
  1194                           
  1195                           ;Config register CONFIG5L @ 0x300008
  1196                           ;	Code Protection bit
  1197                           ;	CP0 = OFF, Block 0 (000800-003FFFh) not code-protected
  1198                           ;	Code Protection bit
  1199                           ;	CP1 = OFF, Block 1 (004000-007FFFh) not code-protected
  1200                           ;	Code Protection bit
  1201                           ;	CP2 = OFF, Block 2 (008000-00BFFFh) not code-protected
  1202                           ;	Code Protection bit
  1203                           ;	CP3 = OFF, Block 3 (00C000-00FFFFh) not code-protected
  1204   300008                     	org	3145736
  1205   300008  0F                 	db	15
  1206                           
  1207                           ;Config register CONFIG5H @ 0x300009
  1208                           ;	Boot Block Code Protection bit
  1209                           ;	CPB = OFF, Boot block (000000-0007FFh) not code-protected
  1210                           ;	Data EEPROM Code Protection bit
  1211                           ;	CPD = OFF, Data EEPROM not code-protected
  1212   300009                     	org	3145737
  1213   300009  C0                 	db	192
  1214                           
  1215                           ;Config register CONFIG6L @ 0x30000A
  1216                           ;	Write Protection bit
  1217                           ;	WRT0 = OFF, Block 0 (000800-003FFFh) not write-protected
  1218                           ;	Write Protection bit
  1219                           ;	WRT1 = OFF, Block 1 (004000-007FFFh) not write-protected
  1220                           ;	Write Protection bit
  1221                           ;	WRT2 = OFF, Block 2 (008000-00BFFFh) not write-protected
  1222                           ;	Write Protection bit
  1223                           ;	WRT3 = OFF, Block 3 (00C000-00FFFFh) not write-protected
  1224   30000A                     	org	3145738
  1225   30000A  0F                 	db	15
  1226                           
  1227                           ;Config register CONFIG6H @ 0x30000B
  1228                           ;	Configuration Register Write Protection bit
  1229                           ;	WRTC = OFF, Configuration registers (300000-3000FFh) not write-protected
  1230                           ;	Boot Block Write Protection bit
  1231                           ;	WRTB = OFF, Boot Block (000000-0007FFh) not write-protected
  1232                           ;	Data EEPROM Write Protection bit
  1233                           ;	WRTD = OFF, Data EEPROM not write-protected
  1234   30000B                     	org	3145739
  1235   30000B  E0                 	db	224
  1236                           
  1237                           ;Config register CONFIG7L @ 0x30000C
  1238                           ;	Table Read Protection bit
  1239                           ;	EBTR0 = OFF, Block 0 (000800-003FFFh) not protected from table reads executed in other
      +                           blocks
  1240                           ;	Table Read Protection bit
  1241                           ;	EBTR1 = OFF, Block 1 (004000-007FFFh) not protected from table reads executed in other
      +                           blocks
  1242                           ;	Table Read Protection bit
  1243                           ;	EBTR2 = OFF, Block 2 (008000-00BFFFh) not protected from table reads executed in other
      +                           blocks
  1244                           ;	Table Read Protection bit
  1245                           ;	EBTR3 = OFF, Block 3 (00C000-00FFFFh) not protected from table reads executed in other
      +                           blocks
  1246   30000C                     	org	3145740
  1247   30000C  0F                 	db	15
  1248                           
  1249                           ;Config register CONFIG7H @ 0x30000D
  1250                           ;	Boot Block Table Read Protection bit
  1251                           ;	EBTRB = OFF, Boot Block (000000-0007FFh) not protected from table reads executed in ot
      +                          her blocks
  1252   30000D                     	org	3145741
  1253   30000D  40                 	db	64
  1254                           tosu	equ	0xFFF
  1255                           tosh	equ	0xFFE
  1256                           tosl	equ	0xFFD
  1257                           stkptr	equ	0xFFC
  1258                           pclatu	equ	0xFFB
  1259                           pclath	equ	0xFFA
  1260                           pcl	equ	0xFF9
  1261                           tblptru	equ	0xFF8
  1262                           tblptrh	equ	0xFF7
  1263                           tblptrl	equ	0xFF6
  1264                           tablat	equ	0xFF5
  1265                           prodh	equ	0xFF4
  1266                           prodl	equ	0xFF3
  1267                           indf0	equ	0xFEF
  1268                           postinc0	equ	0xFEE
  1269                           postdec0	equ	0xFED
  1270                           preinc0	equ	0xFEC
  1271                           plusw0	equ	0xFEB
  1272                           fsr0h	equ	0xFEA
  1273                           fsr0l	equ	0xFE9
  1274                           wreg	equ	0xFE8
  1275                           indf1	equ	0xFE7
  1276                           postinc1	equ	0xFE6
  1277                           postdec1	equ	0xFE5
  1278                           preinc1	equ	0xFE4
  1279                           plusw1	equ	0xFE3
  1280                           fsr1h	equ	0xFE2
  1281                           fsr1l	equ	0xFE1
  1282                           bsr	equ	0xFE0
  1283                           indf2	equ	0xFDF
  1284                           postinc2	equ	0xFDE
  1285                           postdec2	equ	0xFDD
  1286                           preinc2	equ	0xFDC
  1287                           plusw2	equ	0xFDB
  1288                           fsr2h	equ	0xFDA
  1289                           fsr2l	equ	0xFD9
  1290                           status	equ	0xFD8

Data Sizes:
    Strings     3
    Constant    16
    Data        35
    BSS         29
    Persistent  0
    Stack       0

Auto Spaces:
    Space          Size  Autos    Used
    COMRAM          126      1      65
    BANK0           128      0       0
    BANK1           256      0       0
    BANK2           256      0       0
    BANK3           256      0       0
    BANK4           256      0       0
    BANK5           256      0       0
    BANK6           256      0       0
    BANK7           256      0       0
    BANK8           256      0       0
    BANK9           256      0       0
    BANK10          256      0       0
    BANK11          256      0       0
    BANK12          256      0       0
    BANK13          256      0       0
    BANK14          256      0       0
    BANK15          128      0       0

Pointer List with Targets:

    ADC_Get_Conversion_Result@adc$ADC_Interrupt_Handler	PTR FTN()void  size(2) Largest target is 0

    ADC_Init@adc$ADC_Interrupt_Handler	PTR FTN()void  size(2) Largest target is 0

    adc_select_result_format@adc$ADC_Interrupt_Handler	PTR FTN()void  size(2) Largest target is 0

    adc_select_voltage_ref@adc$ADC_Interrupt_Handler	PTR FTN()void  size(2) Largest target is 0

    f$.$buffer	PTR unsigned char  size(2) Largest target is 0

    f$.$source	PTR const unsigned char  size(2) Largest target is 0

    INT0_Interrupt_Handler	PTR FTN()void  size(2) Largest target is 1
		 -> NULL(), 

    INT1_Interrupt_Handler	PTR FTN()void  size(2) Largest target is 1
		 -> NULL(), 

    INT2_Interrupt_Handler	PTR FTN()void  size(2) Largest target is 1
		 -> NULL(), 

    Interrupt_INTx_Clear_Flag@obj$External_CallBack	PTR FTN()void  size(2) Largest target is 0

    Interrupt_INTx_Disable@obj$External_CallBack	PTR FTN()void  size(2) Largest target is 0

    Interrupt_INTx_Edge_Init@obj$External_CallBack	PTR FTN()void  size(2) Largest target is 0

    Interrupt_INTx_Enable@obj$External_CallBack	PTR FTN()void  size(2) Largest target is 0

    Interrupt_INTx_Pin_Init@obj$External_CallBack	PTR FTN()void  size(2) Largest target is 0

    Interrupt_RBx_Init@obj$External_CallBack_High	PTR FTN()void  size(2) Largest target is 0

    Interrupt_RBx_Init@obj$External_CallBack_Low	PTR FTN()void  size(2) Largest target is 0

    Interrupt_Set_Interrupt_Handler@obj$External_CallBack	PTR FTN()void  size(2) Largest target is 0

    lat_registers	PTR volatile unsigned char [5] size(2) Largest target is 1
		 -> LATA(BITBIGSFRlllll[1]), LATB(BITBIGSFRllllh[1]), LATC(BITBIGSFRllllh[1]), LATD(BITBIGSFRllllh[1]), 
		 -> LATE(BITBIGSFRllllh[1]), 

    port_registers	PTR volatile unsigned char [5] size(2) Largest target is 1
		 -> PORTA(BITBIGSFRlllll[1]), PORTB(BITBIGSFRlllll[1]), PORTC(BITBIGSFRlllll[1]), PORTD(BITBIGSFRlllll[1]), 
		 -> PORTE(BITBIGSFRlllll[1]), 

    RB4_Interrupt_Handler_High	PTR FTN()void  size(2) Largest target is 1
		 -> NULL(), 

    RB4_Interrupt_Handler_Low	PTR FTN()void  size(2) Largest target is 1
		 -> NULL(), 

    RB5_Interrupt_Handler_High	PTR FTN()void  size(2) Largest target is 1
		 -> NULL(), 

    RB5_Interrupt_Handler_Low	PTR FTN()void  size(2) Largest target is 1
		 -> NULL(), 

    RB6_Interrupt_Handler_High	PTR FTN()void  size(2) Largest target is 1
		 -> NULL(), 

    RB6_Interrupt_Handler_Low	PTR FTN()void  size(2) Largest target is 1
		 -> NULL(), 

    RB7_Interrupt_Handler_High	PTR FTN()void  size(2) Largest target is 1
		 -> NULL(), 

    RB7_Interrupt_Handler_Low	PTR FTN()void  size(2) Largest target is 1
		 -> NULL(), 

    S1404$ADC_Interrupt_Handler	PTR FTN()void  size(2) Largest target is 0

    S2089$buffer	PTR unsigned char  size(2) Largest target is 0

    S2089$source	PTR const unsigned char  size(2) Largest target is 0

    S876$External_CallBack	PTR FTN()void  size(2) Largest target is 0

    S909$External_CallBack_High	PTR FTN()void  size(2) Largest target is 0

    S909$External_CallBack_Low	PTR FTN()void  size(2) Largest target is 0

    sp__memset	PTR void  size(2) Largest target is 0

    tris_registers	PTR volatile unsigned char [5] size(2) Largest target is 1
		 -> TRISA(BITBIGSFRlllll[1]), TRISB(BITBIGSFRlllh[1]), TRISC(BITBIGSFRlllh[1]), TRISD(BITBIGSFRlllh[1]), 
		 -> TRISE(BITBIGSFRlllh[1]), 

    vfprintf$0	PTR struct _IO_FILE size(1) Largest target is 12
		 -> sprintf@f(COMRAM[12]), 

    vfprintf$1	PTR const unsigned char  size(1) Largest target is 3
		 -> STR_1(CODE[3]), STR_2(CODE[3]), STR_3(CODE[3]), 

    vfprintf$2	PTR PTR void  size(1) Largest target is 1
		 -> sprintf@ap(COMRAM[1]), 


Critical Paths under _main in COMRAM

    None.

Critical Paths under _Interrupt_Manager_High in COMRAM

    _Interrupt_Manager_High->_RB4_ISR
    _Interrupt_Manager_High->_RB5_ISR
    _Interrupt_Manager_High->_RB6_ISR
    _Interrupt_Manager_High->_RB7_ISR

Critical Paths under _main in BANK0

    None.

Critical Paths under _Interrupt_Manager_High in BANK0

    None.

Critical Paths under _main in BANK1

    None.

Critical Paths under _Interrupt_Manager_High in BANK1

    None.

Critical Paths under _main in BANK2

    None.

Critical Paths under _Interrupt_Manager_High in BANK2

    None.

Critical Paths under _main in BANK3

    None.

Critical Paths under _Interrupt_Manager_High in BANK3

    None.

Critical Paths under _main in BANK4

    None.

Critical Paths under _Interrupt_Manager_High in BANK4

    None.

Critical Paths under _main in BANK5

    None.

Critical Paths under _Interrupt_Manager_High in BANK5

    None.

Critical Paths under _main in BANK6

    None.

Critical Paths under _Interrupt_Manager_High in BANK6

    None.

Critical Paths under _main in BANK7

    None.

Critical Paths under _Interrupt_Manager_High in BANK7

    None.

Critical Paths under _main in BANK8

    None.

Critical Paths under _Interrupt_Manager_High in BANK8

    None.

Critical Paths under _main in BANK9

    None.

Critical Paths under _Interrupt_Manager_High in BANK9

    None.

Critical Paths under _main in BANK10

    None.

Critical Paths under _Interrupt_Manager_High in BANK10

    None.

Critical Paths under _main in BANK11

    None.

Critical Paths under _Interrupt_Manager_High in BANK11

    None.

Critical Paths under _main in BANK12

    None.

Critical Paths under _Interrupt_Manager_High in BANK12

    None.

Critical Paths under _main in BANK13

    None.

Critical Paths under _Interrupt_Manager_High in BANK13

    None.

Critical Paths under _main in BANK14

    None.

Critical Paths under _Interrupt_Manager_High in BANK14

    None.

Critical Paths under _main in BANK15

    None.

Critical Paths under _Interrupt_Manager_High in BANK15

    None.

Call Graph Tables:

 ---------------------------------------------------------------------------------
 (Depth) Function   	        Calls       Base Space   Used Autos Params    Refs
 ---------------------------------------------------------------------------------
 (0) _main                                                 0     0      0       0
             _Application_initialize
 ---------------------------------------------------------------------------------
 (1) _Application_initialize                               0     0      0       0
               _ecu_layer_initialize
 ---------------------------------------------------------------------------------
 (2) _ecu_layer_initialize                                 1     1      0       0
 ---------------------------------------------------------------------------------
 Estimated maximum stack depth 2
 ---------------------------------------------------------------------------------
 (Depth) Function   	        Calls       Base Space   Used Autos Params    Refs
 ---------------------------------------------------------------------------------
 (3) _Interrupt_Manager_High                               0     0      0     120
                           _INT0_ISR
                           _INT1_ISR
                           _INT2_ISR
                            _RB4_ISR
                            _RB5_ISR
                            _RB6_ISR
                            _RB7_ISR
 ---------------------------------------------------------------------------------
 (4) _RB7_ISR                                              1     1      0      30
                                              0 COMRAM     1     1      0
 ---------------------------------------------------------------------------------
 (4) _RB6_ISR                                              1     1      0      30
                                              0 COMRAM     1     1      0
 ---------------------------------------------------------------------------------
 (4) _RB5_ISR                                              1     1      0      30
                                              0 COMRAM     1     1      0
 ---------------------------------------------------------------------------------
 (4) _RB4_ISR                                              1     1      0      30
                                              0 COMRAM     1     1      0
 ---------------------------------------------------------------------------------
 (4) _INT2_ISR                                             0     0      0       0
 ---------------------------------------------------------------------------------
 (4) _INT1_ISR                                             0     0      0       0
 ---------------------------------------------------------------------------------
 (4) _INT0_ISR                                             0     0      0       0
 ---------------------------------------------------------------------------------
 Estimated maximum stack depth 4
 ---------------------------------------------------------------------------------

 Call Graph Graphs:

 _main (ROOT)
   _Application_initialize
     _ecu_layer_initialize

 _Interrupt_Manager_High (ROOT)
   _INT0_ISR
   _INT1_ISR
   _INT2_ISR
   _RB4_ISR
   _RB5_ISR
   _RB6_ISR
   _RB7_ISR

 Address spaces:
Name               Size   Autos  Total    Cost      Usage
BIGRAM             F7F      0       0      43        0.0%
EEDATA             400      0       0       0        0.0%
BITBANK14          100      0       0      32        0.0%
BANK14             100      0       0      33        0.0%
BITBANK13          100      0       0      30        0.0%
BANK13             100      0       0      31        0.0%
BITBANK12          100      0       0      28        0.0%
BANK12             100      0       0      29        0.0%
BITBANK11          100      0       0      26        0.0%
BANK11             100      0       0      27        0.0%
BITBANK10          100      0       0      24        0.0%
BANK10             100      0       0      25        0.0%
BITBANK9           100      0       0      22        0.0%
BANK9              100      0       0      23        0.0%
BITBANK8           100      0       0      20        0.0%
BANK8              100      0       0      21        0.0%
BITBANK7           100      0       0      18        0.0%
BANK7              100      0       0      19        0.0%
BITBANK6           100      0       0      16        0.0%
BANK6              100      0       0      17        0.0%
BITBANK5           100      0       0      14        0.0%
BANK5              100      0       0      15        0.0%
BITBANK4           100      0       0      12        0.0%
BANK4              100      0       0      13        0.0%
BITBANK3           100      0       0      10        0.0%
BANK3              100      0       0      11        0.0%
BITBANK2           100      0       0       8        0.0%
BANK2              100      0       0       9        0.0%
BITBANK1           100      0       0       6        0.0%
BANK1              100      0       0       7        0.0%
BITBANK15           80      0       0      34        0.0%
BANK15              80      0       0      35        0.0%
BITBANK0            80      0       0       4        0.0%
BANK0               80      0       0       5        0.0%
BITCOMRAM           7E      0       0       0        0.0%
COMRAM              7E      1      41       1       51.6%
BITBIGSFRlhlhh      2B      0       0      37        0.0%
BITBIGSFRlhlll      15      0       0      38        0.0%
BITBIGSFRlllh        F      0       0      39        0.0%
BITBIGSFRh           D      0       0      36        0.0%
BITBIGSFRllllh       4      0       0      40        0.0%
BITBIGSFRlllll       4      0       0      41        0.0%
BIGSFR               0      0       0     200        0.0%
BITSFR               0      0       0     200        0.0%
SFR                  0      0       0     200        0.0%
STACK                0      0       0       2        0.0%
NULL                 0      0       0       0        0.0%
ABS                  0      0      41      42        0.0%
DATA                 0      0      41       3        0.0%
CODE                 0      0       0       0        0.0%


Microchip Technology PIC18 Macro Assembler V2.45 build 20230818022343 
Symbol Table                                                                                   Sat Feb 17 15:59:10 2024

       ?_Interrupt_Manager_High 0041                             l320 12B8                             l710 129E  
                           l711 129E                             l716 12AA                             _ret 001F  
                           wreg 0FE8                 __end_of_RB4_ISR 129A                 __end_of_RB5_ISR 1280  
               __end_of_RB6_ISR 1266                 __end_of_RB7_ISR 124C                            l1618 12B8  
                          l1840 12A6                            l2848 129A                            STR_1 1011  
                          _LATA 0F89                            _LATB 0F8A                            _LATC 0F8B  
                          _LATD 0F8C                            _LATE 0F8D                            _main 129A  
                          fsr1l 0FE1                            btemp 0042                            start 000E  
__end_of_Interrupt_Manager_High 11D8                    ___param_bank 0000                __end_of_INT0_ISR 12B8  
              __end_of_INT1_ISR 12B4                __end_of_INT2_ISR 12B0                   Relay_on@F3485 003B  
                         ?_main 0041                           _EEADR 0FA9                           _RB4_f 0023  
                         _RB5_f 0022                           _RB6_f 0021                           i2l614 12B6  
                         i2l622 12AE                           i2l630 1298                           _RB7_f 0020  
                         i2l618 12B2                           i2l638 127E                           i2l646 1264  
                         i2l654 124A                           i2l699 11D4                           _PORTA 0F80  
                         _PORTB 0F81                           _PORTC 0F82                           _PORTD 0F83  
                         _PORTE 0F84                           _TRISA 0F92                           _TRISB 0F93  
                         _TRISC 0F94                           _TRISD 0F95                           _TRISE 0F96  
                         tablat 0FF5                           ttemp5 0043                           ttemp6 0046  
                         ttemp7 004A                           status 0FD8                           wtemp8 0043  
               __initialization 11D8                    __end_of_main 12A6                   _lat_registers 000B  
                        ??_main 0042                   __activetblptr 0003                led_turn_on@F3487 003F  
                     ??_RB4_ISR 0041                       ??_RB5_ISR 0041                       ??_RB6_ISR 0041  
                     ??_RB7_ISR 0041                          _ADRESH 0FC4                          _EEADRH 0FAA  
                        _ADRESL 0FC3                          _EEDATA 0FA8                          _EECON2 0FA7  
                        i2l1800 1282                          i2l1802 1284                          i2l1810 1268  
                        i2l1812 126A                          i2l1820 124E                          i2l1806 1298  
                        i2l1822 1250                          i2l1830 1234                          i2l1816 127E  
                        i2l1832 1236                          i2l2800 10E4                          i2l1826 1264  
                        i2l2810 111A                          i2l2802 10F2                          i2l1836 124A  
                        i2l2820 1152                          i2l2812 112A                          i2l2804 1102  
                        i2l2830 117E                          i2l2822 1156                          i2l2814 112E  
                        i2l2806 1106                          i2l1792 12B0                          i2l2840 11AC  
                        i2l2832 1184                          i2l2824 115C                          i2l2816 1134  
                        i2l2808 110C                          i2l2842 11BA                          i2l2834 1192  
                        i2l2826 116A                          i2l2818 1142                          i2l2770 1046  
                        i2l2762 1018                          i2l1788 12B4                          i2l1796 12AC  
                        i2l2844 11CA                          i2l2836 11A2                          i2l2828 117A  
                        i2l2780 1078                          i2l2772 1054                          i2l2764 1026  
                        i2l2846 11CE                          i2l2838 11A6                          i2l2790 10B6  
                        i2l2782 1086                          i2l2774 1058                          i2l2766 1034  
                        i2l2792 10BC                          i2l2784 1094                          i2l2776 1066  
                        i2l2768 1038                          i2l2794 10CA                          i2l2786 10A2  
                        i2l2778 1074                          i2l2796 10DA                          i2l2788 10B2  
                        i2l2798 10DE                  Relay_off@F3490 003A         ?_Application_initialize 0041  
                        clear_0 11FE                          isa$std 0001                    __pdataCOMRAM 0001  
                  __mediumconst 0000                          tblptrh 0FF7                          tblptrl 0FF6  
                        tblptru 0FF8                      __accesstop 0080         __end_of__initialization 1204  
                     ?_INT0_ISR 0041                       ?_INT1_ISR 0041                       ?_INT2_ISR 0041  
                 ___rparam_used 0001                  __pcstackCOMRAM 0041  __end_of_Application_initialize 12AC  
                 RB4_ISR@source 0041      _RB6_Interrupt_Handler_High 002A                   RB5_ISR@source 0041  
     _RB5_Interrupt_Handler_Low 002C                      ??_INT0_ISR 0041                      ??_INT1_ISR 0041  
                    ??_INT2_ISR 0041          _INT2_Interrupt_Handler 0034                   RB6_ISR@source 0041  
             led_turn_off@F3492 003E                         _RB4_ISR 1280                         _RB5_ISR 1266  
                       _RB6_ISR 124C                         _RB7_ISR 1232                         i2u32_40 1294  
                       i2u32_41 1290                         i2u33_40 127A                         i2u33_41 1276  
                       i2u34_40 1260                         i2u34_41 125C                         i2u35_40 1246  
                       i2u35_41 1242                   RB7_ISR@source 0041                      _btn_values 1001  
                _tris_registers 0015                         __Hparam 0000                         __Lparam 0000  
                  __psmallconst 1000                         __pcinit 11D8                         __ramtop 1000  
                       __ptext0 129A                         __ptext1 12A6                         __ptext2 12B8  
                       __ptext4 1232                         __ptext5 124C                         __ptext6 1266  
                       __ptext7 1280                         __ptext8 12AC                         __ptext9 12B0  
                __pintcode_body 1016            end_of_initialization 1204                         int_func 1016  
                       postdec1 0FE5                         postinc0 0FEE                       _PORTBbits 0F81  
      ??_Interrupt_Manager_High 0042                   __pidataCOMRAM 120E             start_initialization 11D8  
    _RB5_Interrupt_Handler_High 002E    __end_of_ecu_layer_initialize 12BA                        ?_RB4_ISR 0041  
                      ?_RB5_ISR 0041                        ?_RB6_ISR 0041                        ?_RB7_ISR 0041  
                   __pbssCOMRAM 0024       _RB6_Interrupt_Handler_Low 0028          _INT0_Interrupt_Handler 0038  
         Relay_initialize@F3480 003C                       __pintcode 0008                     __smallconst 1000  
                      _INT0_ISR 12B4                        _INT1_ISR 12B0                        _INT2_ISR 12AC  
      ??_Application_initialize 0042                        i2u140_40 10A2                        i2u132_40 1026  
                      i2u140_41 109E                        i2u132_41 1022                        i2u141_40 10B2  
                      i2u133_40 1034                        i2u141_41 10AE                        i2u133_41 1030  
                      i2u150_40 116A                        i2u142_40 10CA                        i2u134_40 1046  
                      i2u150_41 1166                        i2u142_41 10C6                        i2u134_41 1042  
                      i2u151_40 117A                        i2u143_40 10DA                        i2u135_40 1054  
                      i2u151_41 1176                        i2u143_41 10D6                        i2u135_41 1050  
                      i2u152_40 1192                        i2u144_40 10F2                        i2u136_40 1066  
                      i2u152_41 118E                        i2u144_41 10EE                        i2u136_41 1062  
                      i2u153_40 11A2                        i2u145_40 1102                        i2u137_40 1074  
                      i2u153_41 119E                        i2u145_41 10FE                        i2u137_41 1070  
                      i2u154_40 11BA                        i2u146_40 111A                        i2u138_40 1086  
                      i2u154_41 11B6                        i2u146_41 1116                        i2u138_41 1082  
                      i2u155_40 11CA                        i2u147_40 112A                        i2u139_40 1094  
                      i2u155_41 11C6                        i2u147_41 1126                        i2u139_41 1090  
                      i2u148_40 1142                        i2u148_41 113E                        i2u149_40 1152  
                      i2u149_41 114E          _Interrupt_Manager_High 0008                      _ADCON0bits 0FC2  
                    _ADCON1bits 0FC1                      _ADCON2bits 0FC0                     _INTCON2bits 0FF1  
                   _INTCON3bits 0FF0                       copy_data0 11EC            _ecu_layer_initialize 12B8  
                    _EECON1bits 0FA6                        __Hrparam 0000                        __Lrparam 0000  
            __end_of_btn_values 1011              led_intialize@F3482 0040                        __ptext10 12B4  
         ?_ecu_layer_initialize 0041                        isa$xinst 0000                        int$flags 0042  
                    _INTCONbits 0FF2                        intlevel2 0000          led_toggle_status@F3497 003D  
    _RB4_Interrupt_Handler_High 0032          _Application_initialize 12A6      _RB7_Interrupt_Handler_High 0026  
                _port_registers 0001       _RB4_Interrupt_Handler_Low 0030       _RB7_Interrupt_Handler_Low 0024  
        ??_ecu_layer_initialize 0042          _INT1_Interrupt_Handler 0036  
